\BOOKMARK [1][-]{Doc-Start}{\376\377\004\022\004\062\004\065\004\064\004\065\004\075\004\070\004\065}{}% 1
\BOOKMARK [1][-]{section.1}{\376\377\004\020\004\075\004\060\004\073\004\070\004\102\004\070\004\107\004\065\004\101\004\072\004\060\004\117\000\040\004\107\004\060\004\101\004\102\004\114}{}% 2
\BOOKMARK [2][-]{subsection.1.1}{\376\377\004\021\004\060\004\067\004\076\004\062\004\113\004\065\000\040\004\077\004\076\004\075\004\117\004\102\004\070\004\117\000\040\004\074\004\060\004\102\004\100\004\070\004\106}{section.1}% 3
\BOOKMARK [2][-]{subsection.1.2}{\376\377\004\043\004\074\004\075\004\076\004\066\004\065\004\075\004\070\004\065\000\040\004\074\004\060\004\102\004\100\004\070\004\106}{section.1}% 4
\BOOKMARK [2][-]{subsection.1.3}{\376\377\004\043\004\074\004\075\004\076\004\066\004\065\004\075\004\070\004\065\000\040\004\074\004\060\004\102\004\100\004\070\004\106\000\040\004\077\004\076\000\040\004\022\004\070\004\075\004\076\004\063\004\100\004\060\004\064\004\103}{section.1}% 5
\BOOKMARK [2][-]{subsection.1.4}{\376\377\004\020\004\075\004\060\004\073\004\070\004\067\000\040\004\060\004\073\004\063\004\076\004\100\004\070\004\102\004\074\004\060\000\040\004\022\004\070\004\075\004\076\004\063\004\100\004\060\004\064\004\060}{section.1}% 6
\BOOKMARK [1][-]{section.2}{\376\377\004\032\004\076\004\075\004\101\004\102\004\100\004\103\004\072\004\102\004\076\004\100\004\101\004\072\004\060\004\117\000\040\004\107\004\060\004\101\004\102\004\114}{}% 7
\BOOKMARK [2][-]{subsection.2.1}{\376\377\004\036\004\077\004\070\004\101\004\060\004\075\004\070\004\117\000\040\004\060\004\073\004\063\004\076\004\100\004\070\004\102\004\074\004\076\004\062}{section.2}% 8
\BOOKMARK [2][-]{subsection.2.2}{\376\377\004\034\004\076\004\064\004\065\004\073\004\114\000\040\004\062\004\113\004\107\004\070\004\101\004\073\004\065\004\075\004\070\004\071}{section.2}% 9
\BOOKMARK [2][-]{subsection.2.3}{\376\377\004\040\004\060\004\101\004\107\004\121\004\102\000\040\004\102\004\100\004\103\004\064\004\076\004\121\004\074\004\072\004\076\004\101\004\102\004\070\000\040\004\060\004\073\004\063\004\076\004\100\004\070\004\102\004\074\004\076\004\062}{section.2}% 10
\BOOKMARK [3][-]{subsubsection.2.3.1}{\376\377\004\041\004\102\004\060\004\075\004\064\004\060\004\100\004\102\004\075\004\113\004\071\000\040\004\060\004\073\004\063\004\076\004\100\004\070\004\102\004\074\000\040\004\103\004\074\004\075\004\076\004\066\004\065\004\075\004\070\004\117\000\040\004\074\004\060\004\102\004\100\004\070\004\106}{subsection.2.3}% 11
\BOOKMARK [3][-]{subsubsection.2.3.2}{\376\377\004\020\004\073\004\063\004\076\004\100\004\070\004\102\004\074\000\040\004\022\004\070\004\075\004\076\004\063\004\100\004\060\004\064\004\060\000\040\004\103\004\074\004\075\004\076\004\066\004\065\004\075\004\070\004\117\000\040\004\074\004\060\004\102\004\100\004\070\004\106}{subsection.2.3}% 12
\BOOKMARK [3][-]{subsubsection.2.3.3}{\376\377\004\036\004\077\004\102\004\070\004\074\004\070\004\067\004\070\004\100\004\076\004\062\004\060\004\075\004\075\004\113\004\071\000\040\004\060\004\073\004\063\004\076\004\100\004\070\004\102\004\074\000\040\004\022\004\070\004\075\004\076\004\063\004\100\004\060\004\064\004\060\000\040\004\103\004\074\004\075\004\076\004\066\004\065\004\075\004\070\004\117\000\040\004\074\004\060\004\102\004\100\004\070\004\106}{subsection.2.3}% 13
\BOOKMARK [1][-]{section.3}{\376\377\004\042\004\065\004\105\004\075\004\076\004\073\004\076\004\063\004\070\004\107\004\065\004\101\004\072\004\060\004\117\000\040\004\107\004\060\004\101\004\102\004\114}{}% 14
\BOOKMARK [2][-]{subsection.3.1}{\376\377\004\042\004\100\004\065\004\061\004\076\004\062\004\060\004\075\004\070\004\117\000\040\004\072\000\040\004\077\004\100\004\076\004\063\004\100\004\060\004\074\004\074\004\075\004\076\004\074\004\103\000\040\004\076\004\061\004\065\004\101\004\077\004\065\004\107\004\065\004\075\004\070\004\116}{section.3}% 15
\BOOKMARK [2][-]{subsection.3.2}{\376\377\004\041\004\100\004\065\004\064\004\101\004\102\004\062\004\060\000\040\004\100\004\065\004\060\004\073\004\070\004\067\004\060\004\106\004\070\004\070}{section.3}% 16
\BOOKMARK [2][-]{subsection.3.3}{\376\377\004\040\004\065\004\060\004\073\004\070\004\067\004\060\004\106\004\070\004\070\000\040\004\060\004\073\004\063\004\076\004\100\004\070\004\102\004\074\004\076\004\062}{section.3}% 17
\BOOKMARK [2][-]{subsection.3.4}{\376\377\004\042\004\065\004\101\004\102\004\113}{section.3}% 18
\BOOKMARK [1][-]{section.4}{\376\377\004\030\004\101\004\101\004\073\004\065\004\064\004\076\004\062\004\060\004\102\004\065\004\073\004\114\004\101\004\072\004\060\004\117\000\040\004\107\004\060\004\101\004\102\004\114}{}% 19
\BOOKMARK [1][-]{table.caption.14}{\376\377\004\027\004\060\004\072\004\073\004\116\004\107\004\065\004\075\004\070\004\065}{}% 20
\BOOKMARK [1][-]{table.caption.14}{\376\377\004\041\004\077\004\070\004\101\004\076\004\072\000\040\004\070\004\101\004\077\004\076\004\073\004\114\004\067\004\076\004\062\004\060\004\075\004\075\004\113\004\105\000\040\004\070\004\101\004\102\004\076\004\107\004\075\004\070\004\072\004\076\004\062}{}% 21
